<?xml version="1.0" encoding="UTF-8"?>
<!-- Generated by org.testng.reporters.JUnitReportReporter -->
<testsuite skipped="0" hostname="DESKTOP-TCEHCUB" name="Academy.validateNavigationBar" tests="1" failures="0" timestamp="2021-07-30T19:54:34 GMT+13:00" time="0.226" errors="0">
  <testcase name="validateNavigationBar" time="0.226" classname="Academy.validateNavigationBar"/>
  <system-out/>
</testsuite> <!-- Academy.validateNavigationBar -->
