<?xml version="1.0" encoding="UTF-8"?>
<!-- Generated by org.testng.reporters.JUnitReportReporter -->
<testsuite skipped="0" hostname="DESKTOP-TCEHCUB" name="the.collective.test.OnlineBooking" tests="1" failures="0" timestamp="2021-07-31T00:50:41 GMT+13:00" time="5.421" errors="0">
  <testcase name="stayForFewNights" time="5.421" classname="the.collective.test.OnlineBooking"/>
  <system-out/>
</testsuite> <!-- the.collective.test.OnlineBooking -->
