<?xml version="1.0" encoding="UTF-8"?>
<!-- Generated by org.testng.reporters.JUnitReportReporter -->
<testsuite skipped="0" hostname="DESKTOP-TCEHCUB" name="the.collective.test.Newsletter" tests="1" failures="0" timestamp="2021-07-31T00:50:41 GMT+13:00" time="6.477" errors="0">
  <testcase name="validateNavigationBar" time="6.477" classname="the.collective.test.Newsletter"/>
  <system-out/>
</testsuite> <!-- the.collective.test.Newsletter -->
