<?xml version="1.0" encoding="UTF-8"?>
<!-- Generated by org.testng.reporters.JUnitReportReporter -->
<testsuite skipped="0" hostname="DESKTOP-TCEHCUB" name="Academy.OnlineBooking" tests="1" failures="0" timestamp="2021-07-30T19:47:17 GMT+13:00" time="12.757" errors="0">
  <testcase name="stayForFewNights" time="12.757" classname="Academy.OnlineBooking"/>
  <system-out/>
</testsuite> <!-- Academy.OnlineBooking -->
