<?xml version="1.0" encoding="UTF-8"?>
<!-- Generated by org.testng.reporters.JUnitReportReporter -->
<testsuite skipped="0" hostname="DESKTOP-TCEHCUB" name="Academy.HomePage" tests="1" failures="0" timestamp="2021-07-30T11:12:32 GMT+13:00" time="21.450" errors="0">
  <testcase name="testSample" time="21.450" classname="Academy.HomePage"/>
  <system-out/>
</testsuite> <!-- Academy.HomePage -->
